17:29:08 [main] INFO  com.bootsnipp.test.Tests.TestBase - Start test loginPageTests with data: [com.bootsnipp.test.Model.User@5b6ec132]
17:29:08 [main] INFO  c.b.t.F.ApplicationManager$MyListener - Start search By.cssSelector: [type='submit']...
17:29:08 [main] INFO  c.b.t.F.ApplicationManager$MyListener - By.cssSelector: [type='submit']found.
17:29:08 [main] INFO  c.b.t.F.ApplicationManager$MyListener - Start search By.cssSelector: [name='email']...
17:29:08 [main] INFO  c.b.t.F.ApplicationManager$MyListener - By.cssSelector: [name='email']found.
17:29:08 [main] INFO  c.b.t.F.ApplicationManager$MyListener - Start search By.cssSelector: [name='email']...
17:29:08 [main] INFO  c.b.t.F.ApplicationManager$MyListener - By.cssSelector: [name='email']found.
17:29:08 [main] INFO  c.b.t.F.ApplicationManager$MyListener - Start search By.cssSelector: [name='email']...
17:29:08 [main] INFO  c.b.t.F.ApplicationManager$MyListener - By.cssSelector: [name='email']found.
17:29:08 [main] INFO  c.b.t.F.ApplicationManager$MyListener - Start search By.cssSelector: [name='password']...
17:29:08 [main] INFO  c.b.t.F.ApplicationManager$MyListener - By.cssSelector: [name='password']found.
17:29:08 [main] INFO  c.b.t.F.ApplicationManager$MyListener - Start search By.cssSelector: [name='password']...
17:29:08 [main] INFO  c.b.t.F.ApplicationManager$MyListener - By.cssSelector: [name='password']found.
17:29:08 [main] INFO  c.b.t.F.ApplicationManager$MyListener - Start search By.cssSelector: [name='password']...
17:29:08 [main] INFO  c.b.t.F.ApplicationManager$MyListener - By.cssSelector: [name='password']found.
17:29:08 [main] INFO  c.b.t.F.ApplicationManager$MyListener - Start search By.cssSelector: [name='remember']...
17:29:08 [main] INFO  c.b.t.F.ApplicationManager$MyListener - By.cssSelector: [name='remember']found.
17:29:08 [main] INFO  c.b.t.F.ApplicationManager$MyListener - Start search By.cssSelector: [type='submit']...
17:29:08 [main] INFO  c.b.t.F.ApplicationManager$MyListener - By.cssSelector: [type='submit']found.
17:29:12 [main] INFO  c.b.t.F.ApplicationManager$MyListener - Start search By.cssSelector: [class$='dropdown-right active']...
17:29:12 [main] INFO  c.b.t.F.ApplicationManager$MyListener - By.cssSelector: [class$='dropdown-right active']found.
17:29:12 [main] INFO  c.b.t.F.ApplicationManager$MyListener - Start search By.cssSelector: [class$='dropdown-right active']...
17:29:12 [main] INFO  c.b.t.F.ApplicationManager$MyListener - By.cssSelector: [class$='dropdown-right active']found.
17:29:12 [main] INFO  c.b.t.F.ApplicationManager$MyListener - Start search By.cssSelector: [class='dropdown dropdown-right active']...
17:29:12 [main] INFO  c.b.t.F.ApplicationManager$MyListener - By.cssSelector: [class='dropdown dropdown-right active']found.
17:29:14 [main] INFO  c.b.t.F.ApplicationManager$MyListener - Start search By.cssSelector: [href="https://bootsnipp.com/logout"]...
17:29:14 [main] INFO  c.b.t.F.ApplicationManager$MyListener - By.cssSelector: [href="https://bootsnipp.com/logout"]found.
17:31:54 [main] INFO  c.b.t.F.ApplicationManager$MyListener - Start search By.cssSelector: [href="https://bootsnipp.com/login"]...
17:31:54 [main] INFO  c.b.t.F.ApplicationManager$MyListener - By.cssSelector: [href="https://bootsnipp.com/login"]found.
17:32:08 [main] INFO  com.bootsnipp.test.Tests.TestBase - PASSED: Test method loginPageTests
17:32:08 [main] INFO  com.bootsnipp.test.Tests.TestBase - Stop test 
17:32:08 [main] INFO  com.bootsnipp.test.Tests.TestBase - ======================================================================
17:32:08 [main] INFO  com.bootsnipp.test.Tests.TestBase - Start test loginPageTests with data: [com.bootsnipp.test.Model.User@7203c7ff]
17:32:08 [main] INFO  c.b.t.F.ApplicationManager$MyListener - Start search By.cssSelector: [type='submit']...
17:32:08 [main] INFO  c.b.t.F.ApplicationManager$MyListener - By.cssSelector: [type='submit']found.
17:32:08 [main] INFO  c.b.t.F.ApplicationManager$MyListener - Start search By.cssSelector: [name='email']...
17:32:08 [main] INFO  c.b.t.F.ApplicationManager$MyListener - By.cssSelector: [name='email']found.
17:32:08 [main] INFO  c.b.t.F.ApplicationManager$MyListener - Start search By.cssSelector: [name='email']...
17:32:08 [main] INFO  c.b.t.F.ApplicationManager$MyListener - By.cssSelector: [name='email']found.
17:32:08 [main] INFO  c.b.t.F.ApplicationManager$MyListener - Start search By.cssSelector: [name='email']...
17:32:08 [main] INFO  c.b.t.F.ApplicationManager$MyListener - By.cssSelector: [name='email']found.
17:32:08 [main] INFO  c.b.t.F.ApplicationManager$MyListener - Start search By.cssSelector: [name='password']...
17:32:08 [main] INFO  c.b.t.F.ApplicationManager$MyListener - By.cssSelector: [name='password']found.
17:32:08 [main] INFO  c.b.t.F.ApplicationManager$MyListener - Start search By.cssSelector: [name='password']...
17:32:08 [main] INFO  c.b.t.F.ApplicationManager$MyListener - By.cssSelector: [name='password']found.
17:32:08 [main] INFO  c.b.t.F.ApplicationManager$MyListener - Start search By.cssSelector: [name='password']...
17:32:08 [main] INFO  c.b.t.F.ApplicationManager$MyListener - By.cssSelector: [name='password']found.
17:32:08 [main] INFO  c.b.t.F.ApplicationManager$MyListener - Start search By.cssSelector: [name='remember']...
17:32:08 [main] INFO  c.b.t.F.ApplicationManager$MyListener - By.cssSelector: [name='remember']found.
17:32:08 [main] INFO  c.b.t.F.ApplicationManager$MyListener - Start search By.cssSelector: [type='submit']...
17:32:08 [main] INFO  c.b.t.F.ApplicationManager$MyListener - By.cssSelector: [type='submit']found.
17:32:08 [main] INFO  c.b.t.F.ApplicationManager$MyListener - Start search By.cssSelector: [class$='dropdown-right active']...
17:32:18 [main] INFO  c.b.t.F.ApplicationManager$MyListener - By.cssSelector: [class$='dropdown-right active']found.
17:32:18 [main] INFO  c.b.t.F.ApplicationManager$MyListener - Start search By.cssSelector: [class$='dropdown-right active']...
17:32:18 [main] INFO  c.b.t.F.ApplicationManager$MyListener - By.cssSelector: [class$='dropdown-right active']found.
17:32:18 [main] INFO  c.b.t.F.ApplicationManager$MyListener - Start search By.cssSelector: [class='dropdown dropdown-right active']...
17:32:18 [main] INFO  c.b.t.F.ApplicationManager$MyListener - By.cssSelector: [class='dropdown dropdown-right active']found.
17:32:20 [main] INFO  c.b.t.F.ApplicationManager$MyListener - Start search By.cssSelector: [href="https://bootsnipp.com/logout"]...
17:32:20 [main] INFO  c.b.t.F.ApplicationManager$MyListener - By.cssSelector: [href="https://bootsnipp.com/logout"]found.
17:32:34 [main] INFO  c.b.t.F.ApplicationManager$MyListener - Start search By.cssSelector: [href="https://bootsnipp.com/login"]...
17:32:34 [main] INFO  c.b.t.F.ApplicationManager$MyListener - By.cssSelector: [href="https://bootsnipp.com/login"]found.
17:32:37 [main] INFO  com.bootsnipp.test.Tests.TestBase - PASSED: Test method loginPageTests
17:32:37 [main] INFO  com.bootsnipp.test.Tests.TestBase - Stop test 
17:32:37 [main] INFO  com.bootsnipp.test.Tests.TestBase - ======================================================================
17:32:37 [main] INFO  com.bootsnipp.test.Tests.TestBase - Start test loginPageTests with data: [com.bootsnipp.test.Model.User@3f390d63]
17:32:37 [main] INFO  c.b.t.F.ApplicationManager$MyListener - Start search By.cssSelector: [type='submit']...
17:32:37 [main] INFO  c.b.t.F.ApplicationManager$MyListener - By.cssSelector: [type='submit']found.
17:32:37 [main] INFO  c.b.t.F.ApplicationManager$MyListener - Start search By.cssSelector: [name='email']...
17:32:37 [main] INFO  c.b.t.F.ApplicationManager$MyListener - By.cssSelector: [name='email']found.
17:32:37 [main] INFO  c.b.t.F.ApplicationManager$MyListener - Start search By.cssSelector: [name='email']...
17:32:38 [main] INFO  c.b.t.F.ApplicationManager$MyListener - By.cssSelector: [name='email']found.
17:32:38 [main] INFO  c.b.t.F.ApplicationManager$MyListener - Start search By.cssSelector: [name='email']...
17:32:38 [main] INFO  c.b.t.F.ApplicationManager$MyListener - By.cssSelector: [name='email']found.
17:32:38 [main] INFO  c.b.t.F.ApplicationManager$MyListener - Start search By.cssSelector: [name='password']...
17:32:38 [main] INFO  c.b.t.F.ApplicationManager$MyListener - By.cssSelector: [name='password']found.
17:32:38 [main] INFO  c.b.t.F.ApplicationManager$MyListener - Start search By.cssSelector: [name='password']...
17:32:38 [main] INFO  c.b.t.F.ApplicationManager$MyListener - By.cssSelector: [name='password']found.
17:32:38 [main] INFO  c.b.t.F.ApplicationManager$MyListener - Start search By.cssSelector: [name='password']...
17:32:38 [main] INFO  c.b.t.F.ApplicationManager$MyListener - By.cssSelector: [name='password']found.
17:32:38 [main] INFO  c.b.t.F.ApplicationManager$MyListener - Start search By.cssSelector: [name='remember']...
17:32:38 [main] INFO  c.b.t.F.ApplicationManager$MyListener - By.cssSelector: [name='remember']found.
17:32:38 [main] INFO  c.b.t.F.ApplicationManager$MyListener - Start search By.cssSelector: [type='submit']...
17:32:38 [main] INFO  c.b.t.F.ApplicationManager$MyListener - By.cssSelector: [type='submit']found.
17:32:42 [main] INFO  c.b.t.F.ApplicationManager$MyListener - Start search By.cssSelector: [class$='dropdown-right active']...
17:32:42 [main] INFO  c.b.t.F.ApplicationManager$MyListener - By.cssSelector: [class$='dropdown-right active']found.
17:32:42 [main] INFO  c.b.t.F.ApplicationManager$MyListener - Start search By.cssSelector: [class$='dropdown-right active']...
17:32:42 [main] INFO  c.b.t.F.ApplicationManager$MyListener - By.cssSelector: [class$='dropdown-right active']found.
17:32:42 [main] INFO  c.b.t.F.ApplicationManager$MyListener - Start search By.cssSelector: [class='dropdown dropdown-right active']...
17:32:42 [main] INFO  c.b.t.F.ApplicationManager$MyListener - By.cssSelector: [class='dropdown dropdown-right active']found.
17:32:44 [main] INFO  c.b.t.F.ApplicationManager$MyListener - Start search By.cssSelector: [href="https://bootsnipp.com/logout"]...
17:32:44 [main] INFO  c.b.t.F.ApplicationManager$MyListener - By.cssSelector: [href="https://bootsnipp.com/logout"]found.
17:36:24 [main] INFO  c.b.t.F.ApplicationManager$MyListener - Start search By.cssSelector: [href="https://bootsnipp.com/login"]...
17:36:24 [main] INFO  c.b.t.F.ApplicationManager$MyListener - By.cssSelector: [href="https://bootsnipp.com/login"]found.
17:36:27 [main] INFO  com.bootsnipp.test.Tests.TestBase - PASSED: Test method loginPageTests
17:36:27 [main] INFO  com.bootsnipp.test.Tests.TestBase - Stop test 
17:36:27 [main] INFO  com.bootsnipp.test.Tests.TestBase - ======================================================================
17:36:27 [main] INFO  com.bootsnipp.test.Tests.TestBase - Start test loginPageTests with data: [com.bootsnipp.test.Model.User@239b0f9d]
17:36:27 [main] INFO  c.b.t.F.ApplicationManager$MyListener - Start search By.cssSelector: [type='submit']...
17:36:27 [main] INFO  c.b.t.F.ApplicationManager$MyListener - By.cssSelector: [type='submit']found.
17:36:27 [main] INFO  c.b.t.F.ApplicationManager$MyListener - Start search By.cssSelector: [name='email']...
17:36:27 [main] INFO  c.b.t.F.ApplicationManager$MyListener - By.cssSelector: [name='email']found.
17:36:27 [main] INFO  c.b.t.F.ApplicationManager$MyListener - Start search By.cssSelector: [name='email']...
17:36:27 [main] INFO  c.b.t.F.ApplicationManager$MyListener - By.cssSelector: [name='email']found.
17:36:27 [main] INFO  c.b.t.F.ApplicationManager$MyListener - Start search By.cssSelector: [name='email']...
17:36:27 [main] INFO  c.b.t.F.ApplicationManager$MyListener - By.cssSelector: [name='email']found.
17:36:27 [main] INFO  c.b.t.F.ApplicationManager$MyListener - Start search By.cssSelector: [name='password']...
17:36:27 [main] INFO  c.b.t.F.ApplicationManager$MyListener - By.cssSelector: [name='password']found.
17:36:27 [main] INFO  c.b.t.F.ApplicationManager$MyListener - Start search By.cssSelector: [name='password']...
17:36:27 [main] INFO  c.b.t.F.ApplicationManager$MyListener - By.cssSelector: [name='password']found.
17:36:27 [main] INFO  c.b.t.F.ApplicationManager$MyListener - Start search By.cssSelector: [name='password']...
17:36:27 [main] INFO  c.b.t.F.ApplicationManager$MyListener - By.cssSelector: [name='password']found.
17:36:27 [main] INFO  c.b.t.F.ApplicationManager$MyListener - Start search By.cssSelector: [name='remember']...
17:36:27 [main] INFO  c.b.t.F.ApplicationManager$MyListener - By.cssSelector: [name='remember']found.
17:36:27 [main] INFO  c.b.t.F.ApplicationManager$MyListener - Start search By.cssSelector: [type='submit']...
17:36:27 [main] INFO  c.b.t.F.ApplicationManager$MyListener - By.cssSelector: [type='submit']found.
17:36:28 [main] INFO  c.b.t.F.ApplicationManager$MyListener - Start search By.cssSelector: [class$='dropdown-right active']...
17:36:32 [main] INFO  c.b.t.F.ApplicationManager$MyListener - By.cssSelector: [class$='dropdown-right active']found.
17:36:32 [main] INFO  c.b.t.F.ApplicationManager$MyListener - Start search By.cssSelector: [class$='dropdown-right active']...
17:36:32 [main] INFO  c.b.t.F.ApplicationManager$MyListener - By.cssSelector: [class$='dropdown-right active']found.
17:36:32 [main] INFO  c.b.t.F.ApplicationManager$MyListener - Start search By.cssSelector: [class='dropdown dropdown-right active']...
17:36:32 [main] INFO  c.b.t.F.ApplicationManager$MyListener - By.cssSelector: [class='dropdown dropdown-right active']found.
17:36:34 [main] INFO  c.b.t.F.ApplicationManager$MyListener - Start search By.cssSelector: [href="https://bootsnipp.com/logout"]...
17:36:34 [main] INFO  c.b.t.F.ApplicationManager$MyListener - By.cssSelector: [href="https://bootsnipp.com/logout"]found.
17:36:53 [main] INFO  c.b.t.F.ApplicationManager$MyListener - Start search By.cssSelector: [href="https://bootsnipp.com/login"]...
17:36:53 [main] INFO  c.b.t.F.ApplicationManager$MyListener - By.cssSelector: [href="https://bootsnipp.com/login"]found.
17:36:59 [main] INFO  com.bootsnipp.test.Tests.TestBase - PASSED: Test method loginPageTests
17:36:59 [main] INFO  com.bootsnipp.test.Tests.TestBase - Stop test 
17:36:59 [main] INFO  com.bootsnipp.test.Tests.TestBase - ======================================================================
17:36:59 [main] INFO  com.bootsnipp.test.Tests.TestBase - Start test loginPageTests with data: [com.bootsnipp.test.Model.User@60fa3495]
17:36:59 [main] INFO  c.b.t.F.ApplicationManager$MyListener - Start search By.cssSelector: [type='submit']...
17:36:59 [main] INFO  c.b.t.F.ApplicationManager$MyListener - By.cssSelector: [type='submit']found.
17:36:59 [main] INFO  c.b.t.F.ApplicationManager$MyListener - Start search By.cssSelector: [name='email']...
17:36:59 [main] INFO  c.b.t.F.ApplicationManager$MyListener - By.cssSelector: [name='email']found.
17:37:00 [main] INFO  c.b.t.F.ApplicationManager$MyListener - Start search By.cssSelector: [name='email']...
17:37:00 [main] INFO  c.b.t.F.ApplicationManager$MyListener - By.cssSelector: [name='email']found.
17:37:00 [main] INFO  c.b.t.F.ApplicationManager$MyListener - Start search By.cssSelector: [name='email']...
17:37:00 [main] INFO  c.b.t.F.ApplicationManager$MyListener - By.cssSelector: [name='email']found.
17:37:00 [main] INFO  c.b.t.F.ApplicationManager$MyListener - Start search By.cssSelector: [name='password']...
17:37:00 [main] INFO  c.b.t.F.ApplicationManager$MyListener - By.cssSelector: [name='password']found.
17:37:00 [main] INFO  c.b.t.F.ApplicationManager$MyListener - Start search By.cssSelector: [name='password']...
17:37:00 [main] INFO  c.b.t.F.ApplicationManager$MyListener - By.cssSelector: [name='password']found.
17:37:00 [main] INFO  c.b.t.F.ApplicationManager$MyListener - Start search By.cssSelector: [name='password']...
17:37:00 [main] INFO  c.b.t.F.ApplicationManager$MyListener - By.cssSelector: [name='password']found.
17:37:00 [main] INFO  c.b.t.F.ApplicationManager$MyListener - Start search By.cssSelector: [name='remember']...
17:37:00 [main] INFO  c.b.t.F.ApplicationManager$MyListener - By.cssSelector: [name='remember']found.
17:37:00 [main] INFO  c.b.t.F.ApplicationManager$MyListener - Start search By.cssSelector: [type='submit']...
17:37:00 [main] INFO  c.b.t.F.ApplicationManager$MyListener - By.cssSelector: [type='submit']found.
17:37:06 [main] INFO  c.b.t.F.ApplicationManager$MyListener - Start search By.cssSelector: [class$='dropdown-right active']...
17:37:06 [main] INFO  c.b.t.F.ApplicationManager$MyListener - By.cssSelector: [class$='dropdown-right active']found.
17:37:06 [main] INFO  c.b.t.F.ApplicationManager$MyListener - Start search By.cssSelector: [class$='dropdown-right active']...
17:37:07 [main] INFO  c.b.t.F.ApplicationManager$MyListener - By.cssSelector: [class$='dropdown-right active']found.
17:37:07 [main] INFO  c.b.t.F.ApplicationManager$MyListener - Start search By.cssSelector: [class='dropdown dropdown-right active']...
17:37:07 [main] INFO  c.b.t.F.ApplicationManager$MyListener - By.cssSelector: [class='dropdown dropdown-right active']found.
17:37:09 [main] INFO  c.b.t.F.ApplicationManager$MyListener - Start search By.cssSelector: [href="https://bootsnipp.com/logout"]...
17:37:09 [main] INFO  c.b.t.F.ApplicationManager$MyListener - By.cssSelector: [href="https://bootsnipp.com/logout"]found.
